Build started 2015-07-20 00:07:12.
     1>Project "C:\Users\Mieto\Documents\Projekty\C++\SameGame\Tetris\Tetris\Tetris.vcxproj" on node 2 (Build target(s)).
     1>ClCompile:
         C:\Program Files (x86)\Microsoft Visual Studio 12.0\VC\bin\CL.exe /c /Zi /nologo /W3 /WX- /sdl /O2 /Oi /Oy- /GL /D WIN32 /D _WINDOWS /D NDEBUG /D _UNICODE /D UNICODE /D _AFXDLL /Gm- /EHsc /MD /GS /Gy /fp:precise /Zc:wchar_t /Zc:forScope /Yu"stdafx.h" /Fp"Release\Tetris.pch" /Fo"Release\\" /Fd"Release\vc120.pdb" /Gd /TP /analyze- /errorReport:prompt Tetris.cpp TetrisBoard.cpp TetrisDoc.cpp TetrisView.cpp
         Tetris.cpp
         TetrisBoard.cpp
         TetrisDoc.cpp
         TetrisView.cpp
       Link:
         C:\Program Files (x86)\Microsoft Visual Studio 12.0\VC\bin\link.exe /ERRORREPORT:PROMPT /OUT:"C:\Users\Mieto\Documents\Projekty\C++\SameGame\Tetris\Release\Tetris.exe" /INCREMENTAL:NO /NOLOGO /MANIFEST /MANIFESTUAC:"level='asInvoker' uiAccess='false'" /manifest:embed /manifestinput:"C:\Program Files (x86)\Microsoft Visual Studio 12.0\VC\Include\Manifest\dpiaware.manifest" /DEBUG /PDB:"C:\Users\Mieto\Documents\Projekty\C++\SameGame\Tetris\Release\Tetris.pdb" /SUBSYSTEM:WINDOWS /OPT:REF /OPT:ICF /LTCG /TLBID:1 /ENTRY:"wWinMainCRTStartup" /DYNAMICBASE /NXCOMPAT /IMPLIB:"C:\Users\Mieto\Documents\Projekty\C++\SameGame\Tetris\Release\Tetris.lib" /MACHINE:X86 /SAFESEH Release\Tetris.res
         Release\ChildFrm.obj
         Release\ClassView.obj
         Release\FileView.obj
         Release\MainFrm.obj
         Release\OutputWnd.obj
         Release\PropertiesWnd.obj
         Release\stdafx.obj
         Release\Tetris.obj
         Release\TetrisBoard.obj
         Release\TetrisDoc.obj
         Release\TetrisFigure.obj
         Release\TetrisView.obj
         Release\ViewTree.obj
         Generating code
         Finished generating code
         Tetris.vcxproj -> C:\Users\Mieto\Documents\Projekty\C++\SameGame\Tetris\Release\Tetris.exe
     1>Done Building Project "C:\Users\Mieto\Documents\Projekty\C++\SameGame\Tetris\Tetris\Tetris.vcxproj" (Build target(s)).

Build succeeded.

Time Elapsed 00:00:04.25
