c:\users\mieto\documents\projekty\c++\samegame\tetris\tetris\release\tetris.pch
c:\users\mieto\documents\projekty\c++\samegame\tetris\tetris\release\vc120.pdb
c:\users\mieto\documents\projekty\c++\samegame\tetris\tetris\release\stdafx.obj
c:\users\mieto\documents\projekty\c++\samegame\tetris\tetris\release\viewtree.obj
c:\users\mieto\documents\projekty\c++\samegame\tetris\tetris\release\tetrisview.obj
c:\users\mieto\documents\projekty\c++\samegame\tetris\tetris\release\tetrisdoc.obj
c:\users\mieto\documents\projekty\c++\samegame\tetris\tetris\release\tetrisboard.obj
c:\users\mieto\documents\projekty\c++\samegame\tetris\tetris\release\tetris.obj
c:\users\mieto\documents\projekty\c++\samegame\tetris\tetris\release\propertieswnd.obj
c:\users\mieto\documents\projekty\c++\samegame\tetris\tetris\release\outputwnd.obj
c:\users\mieto\documents\projekty\c++\samegame\tetris\tetris\release\mainfrm.obj
c:\users\mieto\documents\projekty\c++\samegame\tetris\tetris\release\fileview.obj
c:\users\mieto\documents\projekty\c++\samegame\tetris\tetris\release\classview.obj
c:\users\mieto\documents\projekty\c++\samegame\tetris\tetris\release\childfrm.obj
c:\users\mieto\documents\projekty\c++\samegame\tetris\tetris\release\tetris.res
c:\users\mieto\documents\projekty\c++\samegame\tetris\release\tetris.exe
c:\users\mieto\documents\projekty\c++\samegame\tetris\tetris\release\tetris.tlog\cl.command.1.tlog
c:\users\mieto\documents\projekty\c++\samegame\tetris\tetris\release\tetris.tlog\cl.read.1.tlog
c:\users\mieto\documents\projekty\c++\samegame\tetris\tetris\release\tetris.tlog\cl.write.1.tlog
c:\users\mieto\documents\projekty\c++\samegame\tetris\tetris\release\tetris.tlog\link.command.1.tlog
c:\users\mieto\documents\projekty\c++\samegame\tetris\tetris\release\tetris.tlog\link.read.1.tlog
c:\users\mieto\documents\projekty\c++\samegame\tetris\tetris\release\tetris.tlog\rc.command.1.tlog
c:\users\mieto\documents\projekty\c++\samegame\tetris\tetris\release\tetris.tlog\rc.read.1.tlog
c:\users\mieto\documents\projekty\c++\samegame\tetris\tetris\release\tetris.tlog\rc.write.1.tlog
